Temp/gradleOut/launcher/build/intermediates/manifest_merge_blame_file/release/manifest-merger-blame-release-report.txt
1<?xml version="1.0" encoding="utf-8"?>
2<!-- GENERATED BY UNITY. REMOVE THIS COMMENT TO PREVENT OVERWRITING WHEN EXPORTING AGAIN -->
3<manifest xmlns:android="http://schemas.android.com/apk/res/android"
4    package="com.DefaultCompany.GrayboxHeartRate"
5    android:installLocation="preferExternal"
6    android:versionCode="1"
7    android:versionName="0.1" >
8
9    <uses-sdk
10        android:minSdkVersion="19"
10-->src/main/AndroidManifest.xml
11        android:targetSdkVersion="30" />
11-->src/main/AndroidManifest.xml
12
13    <supports-screens
13-->src/main/AndroidManifest.xml:4:3-163
14        android:anyDensity="true"
14-->src/main/AndroidManifest.xml:4:135-160
15        android:largeScreens="true"
15-->src/main/AndroidManifest.xml:4:78-105
16        android:normalScreens="true"
16-->src/main/AndroidManifest.xml:4:49-77
17        android:smallScreens="true"
17-->src/main/AndroidManifest.xml:4:21-48
18        android:xlargeScreens="true" />
18-->src/main/AndroidManifest.xml:4:106-134
19
20    <uses-feature android:glEsVersion="0x00030000" />
20-->[:unityLibrary] AndroidManifest.xml:13:5-54
20-->[:unityLibrary] AndroidManifest.xml:13:19-51
21    <uses-feature
21-->[:unityLibrary] AndroidManifest.xml:14:5-16:36
22        android:name="android.hardware.vulkan.version"
22-->[:unityLibrary] AndroidManifest.xml:15:9-55
23        android:required="false" />
23-->[:unityLibrary] AndroidManifest.xml:16:9-33
24
25    <supports-gl-texture android:name="GL_KHR_texture_compression_astc_ldr" />
25-->[:unityLibrary] AndroidManifest.xml:18:5-79
25-->[:unityLibrary] AndroidManifest.xml:18:26-76
26
27    <uses-permission android:name="android.permission.INTERNET" />
27-->[:unityLibrary] AndroidManifest.xml:20:5-67
27-->[:unityLibrary] AndroidManifest.xml:20:22-64
28
29    <uses-feature
29-->[:unityLibrary] AndroidManifest.xml:22:5-24:36
30        android:name="android.hardware.touchscreen"
30-->[:unityLibrary] AndroidManifest.xml:23:9-52
31        android:required="false" />
31-->[:unityLibrary] AndroidManifest.xml:24:9-33
32    <uses-feature
32-->[:unityLibrary] AndroidManifest.xml:25:5-27:36
33        android:name="android.hardware.touchscreen.multitouch"
33-->[:unityLibrary] AndroidManifest.xml:26:9-63
34        android:required="false" />
34-->[:unityLibrary] AndroidManifest.xml:27:9-33
35    <uses-feature
35-->[:unityLibrary] AndroidManifest.xml:28:5-30:36
36        android:name="android.hardware.touchscreen.multitouch.distinct"
36-->[:unityLibrary] AndroidManifest.xml:29:9-72
37        android:required="false" />
37-->[:unityLibrary] AndroidManifest.xml:30:9-33
38
39    <application
39-->src/main/AndroidManifest.xml:5:3-116
40        android:extractNativeLibs="true"
40-->src/main/AndroidManifest.xml:5:16-48
41        android:icon="@mipmap/app_icon"
41-->src/main/AndroidManifest.xml:5:82-113
42        android:label="@string/app_name" >
42-->src/main/AndroidManifest.xml:5:49-81
43        <activity
43-->[:unityLibrary] AndroidManifest.xml:33:9-53:20
44            android:name="com.unity3d.player.UnityPlayerActivity"
44-->[:unityLibrary] AndroidManifest.xml:34:13-66
45            android:configChanges="mcc|mnc|locale|touchscreen|keyboard|keyboardHidden|navigation|orientation|screenLayout|uiMode|screenSize|smallestScreenSize|fontScale|layoutDirection|density"
45-->[:unityLibrary] AndroidManifest.xml:35:13-194
46            android:hardwareAccelerated="false"
46-->[:unityLibrary] AndroidManifest.xml:36:13-48
47            android:launchMode="singleTask"
47-->[:unityLibrary] AndroidManifest.xml:37:13-44
48            android:resizeableActivity="false"
48-->[:unityLibrary] AndroidManifest.xml:38:13-47
49            android:screenOrientation="fullSensor"
49-->[:unityLibrary] AndroidManifest.xml:39:13-51
50            android:theme="@style/UnityThemeSelector" >
50-->[:unityLibrary] AndroidManifest.xml:40:13-54
51            <intent-filter>
51-->[:unityLibrary] AndroidManifest.xml:41:13-45:29
52                <action android:name="android.intent.action.MAIN" />
52-->[:unityLibrary] AndroidManifest.xml:42:17-69
52-->[:unityLibrary] AndroidManifest.xml:42:25-66
53
54                <category android:name="android.intent.category.LAUNCHER" />
54-->[:unityLibrary] AndroidManifest.xml:44:17-77
54-->[:unityLibrary] AndroidManifest.xml:44:27-74
55            </intent-filter>
56
57            <meta-data
57-->[:unityLibrary] AndroidManifest.xml:47:13-49:40
58                android:name="unityplayer.UnityActivity"
58-->[:unityLibrary] AndroidManifest.xml:48:17-57
59                android:value="true" />
59-->[:unityLibrary] AndroidManifest.xml:49:17-37
60            <meta-data
60-->[:unityLibrary] AndroidManifest.xml:50:13-52:40
61                android:name="android.notch_support"
61-->[:unityLibrary] AndroidManifest.xml:51:17-53
62                android:value="true" />
62-->[:unityLibrary] AndroidManifest.xml:52:17-37
63        </activity>
64
65        <meta-data
65-->[:unityLibrary] AndroidManifest.xml:55:9-57:33
66            android:name="unity.splash-mode"
66-->[:unityLibrary] AndroidManifest.xml:56:13-45
67            android:value="0" />
67-->[:unityLibrary] AndroidManifest.xml:57:13-30
68        <meta-data
68-->[:unityLibrary] AndroidManifest.xml:58:9-60:36
69            android:name="unity.splash-enable"
69-->[:unityLibrary] AndroidManifest.xml:59:13-47
70            android:value="True" />
70-->[:unityLibrary] AndroidManifest.xml:60:13-33
71        <meta-data
71-->[:unityLibrary] AndroidManifest.xml:61:9-63:37
72            android:name="unity.allow-resizable-window"
72-->[:unityLibrary] AndroidManifest.xml:62:13-56
73            android:value="False" />
73-->[:unityLibrary] AndroidManifest.xml:63:13-34
74        <meta-data
74-->[:unityLibrary] AndroidManifest.xml:64:9-66:50
75            android:name="notch.config"
75-->[:unityLibrary] AndroidManifest.xml:65:13-40
76            android:value="portrait|landscape" />
76-->[:unityLibrary] AndroidManifest.xml:66:13-47
77        <meta-data
77-->[:unityLibrary] AndroidManifest.xml:67:9-69:68
78            android:name="unity.build-id"
78-->[:unityLibrary] AndroidManifest.xml:68:13-42
79            android:value="5c82344e-a8e5-42dd-b75d-d7e628c24a07" />
79-->[:unityLibrary] AndroidManifest.xml:69:13-65
80    </application>
81
82</manifest>